79
68
90
111
93
76
88
75
77
109
76
95
137
86
97
68
89
114
72
86
96
83
93
73
95
116
86
95
93
81
94
81
84
90
92
99
85
90
70
91
77
95
108
102
95
105
92
100
106
101
85
92
70
103
109
127
96
85
75
97
78
98
100
108
99
104
90
96
140
61
102
74
92
118
99
86
100
93
94
111
79
102
109
105
68
71
76
73
100
101
148
81
91
91
112
101
99
54
112
82
62
74
86
77
70
67
97
100
96
79
110
76
88
112
85
106
94
101
95
79
100
123
88
127
82
127
68
104
84
137
72
86
57
68
63
109
82
99
96
63
100
61
105
103
105
99
68
90
84
67
88
90
86
96
66
94
68
105
95
112
91
101
95
56
114
89
89
107
107
104
93
83
73
98
124
83
95
80
62
83
74
92
107
78
75
74
124
88
86
121
78
102
94
130
76
104
100
84
105
99
89
112
103
74
98
88
135
115
107
69
82
135
66
75
83
73
92
85
97
55
55
69
77
93
75
94
84
77
78
99
82
77
88
67
86
109
85
91
92
105
104
110
88
84
86
68
107
81
97
83
100
77
77
83
83
95
96
98
108
85
68
79
85
76
105
114
86
62
95
85
107
104
91
85
89
121
118
99
81
77
83
96
66
82
73
104
80
76
107
109
90
88
76
71
75
122
93
62
99
65
106
107
79
75
109
70
57
96
97
130
93
72
83
91
100
75
103
91
86
117
94
101
84
69
96
92
88
79
73
89
134
127
84
77
84
99
71
100
79
89
77
69
95
102
78
73
129
120
87
106
99
130
95
93
141
116
98
77
80
87
59
94
66
79
95
78
77
85
102
80
73
67
87
126
105
86
95
80
69
87
93
79
97
109
92
106
59
77
143
93
82
76
89
54
79
89
69
106
119
92
109
98
51
82
105
80
84
92
83
73
118
71
65
91
101
106
68
76
76
103
95
97
106
75
95
97
88
60
93
76
73
99
128
116
73
140
112
70
126
98
115
106
87
88
84
83
143
91
126
74
77
89
83
79
95
92
111
105
74
71
87
105
97
72
96
77
65
83
75
82
75
118
113
107
65
83
78
98
82
80
67
86
109
94
96
96
73
62
80
110
126
80
69
114
110
89
104
67
88
108
73
127
89
110
113
135
83
87
110
130
107
93
100
113
101
96
96
103
76
95
68
101
73
93
129
105
70
138
124
71
77
71
75
128
91
96
88
86
103
105
75
83
73
116
96
130
83
74
110
70
81
61
72
89
96
100
81
96
89
84
91
116
103
76
85
85
83
85
76
95
67
67
80
85
97
100
82
84
90
92
90
65
89
61
74
72
72
89
99
106
84
107
136
113
110
92
87
84
117
78
92
88
73
76
91
92
113
95
70
80
80
102
118
102
88
107
146
107
81
65
100
121
75
103
105
104
84
65
87
84
90
135
69
95
88
94
110
79
124
89
111
64
84
88
90
88
84
112
101
82
144
64
68
103
94
83
94
81
84
73
80
72
108
94
83
71
88
84
73
71
91
89
81
91
88
73
85
106
89
84
75
118
75
88
100
110
69
68
104
93
75
78
87
77
87
73
62
106
98
81
89
116
83
98
71
65
76
89
78
82
104
97
108
104
104
62
103
102
96
87
108
89
87
78
71
86
85
75
109
82
93
77
90
89
87
71
83
84
75
58
86
94
130
97
104
94
79
79
75
118
86
88
85
91
82
78
124
76
69
99
94
91
74
77
115
107
96
90
104
69
61
106
81
105
100
95
92
103
68
78
92
109
65
64
104
90
104
70
75
69
83
105
85
100
94
139
99
125
85
73
65
68
72
104
100
58
83
72
90
70
86
108
72
67
118
67
107
78
72
110
86
109
89
110
93
107
88
73
123
99
85
83
75
99
107
112
109
56
86
88
122
99
95
89
115
85
94
97
91
83
105
75
97
100
77
76
100
94
131
117
119
126
70
67
132
114
86
85
94
79
73
92
111
95
93
106
93
75
102
79
81
91
103
124
76
86
82
73
72
96
92
105
76
98
103
86
82
73
108
103
63
99
84
115
95
119
75
87
77
73
85
104
83
95
78
64
93
76
98
89
70
125
87
93
129
124
69
95
84
85
79
88
85
87
80
94
98
77
110
81
71
80
89
90
72
91
97
75
102
100
116
77
86
90
91
95
97
82
97
79
105
74
79
102
79
87
103
93
68
64
90
97
80
99
85
93
106
74
87
115
89
96
104
134
93
67
98
84
115
109
70
88
97
69
82
66
77
125
94
97
10
0
300
